Trace: Espresso_int.txt

                 BTB Table                  
┌───────┬──────────┬──────────┬────────────┐
│ Entry │    PC    │  Target  │ Prediction │
├───────┼──────────┼──────────┼────────────┤
│      0│ 0x429000 │ 0x42900c │    0b00    │
│      5│ 0x417014 │ 0x414fd8 │    0b00    │
│      6│ 0x429018 │ 0x429048 │    0b00    │
│      9│ 0x411024 │ 0x42b5b0 │    0b00    │
│     10│ 0x42b028 │ 0x42afc0 │    0b00    │
│     13│ 0x405034 │ 0x40500c │    0b00    │
│     19│ 0x40504c │ 0x4050c8 │    0b00    │
│     26│ 0x429068 │ 0x42907c │    0b00    │
│     32│ 0x429080 │ 0x4074f8 │    0b00    │
│     44│ 0x4050b0 │ 0x405088 │    0b00    │
│     45│ 0x42c0b4 │ 0x42c0f8 │    0b00    │
│     47│ 0x4170bc │ 0x4170d8 │    0b00    │
│     53│ 0x41d0d4 │ 0x41d0e4 │    0b00    │
│     55│ 0x4050dc │ 0x404ed8 │    0b00    │
│     58│ 0x4170e8 │ 0x4170ac │    0b00    │
│     60│ 0x4050f0 │ 0x405104 │    0b00    │
│     66│ 0x41d108 │ 0x41d0fc │    0b00    │
│     68│ 0x41d110 │ 0x405dcc │    0b00    │
│     71│ 0x41d11c │ 0x41d12c │    0b00    │
│     78│ 0x42c138 │ 0x42c1e4 │    0b00    │
│     85│ 0x405154 │ 0x4285a0 │    0b00    │
│     94│ 0x41d178 │ 0x41d16c │    0b00    │
│     96│ 0x41d180 │ 0x405244 │    0b00    │
│    105│ 0x4001a4 │ 0x414f20 │    0b00    │
│    107│ 0x4051ac │ 0x4285a0 │    0b00    │
│    108│ 0x41d1b0 │ 0x41d19c │    0b00    │
│    110│ 0x41d1b8 │ 0x40642c │    0b00    │
│    111│ 0x42d1bc │ 0x42c4dc │    0b00    │
│    112│ 0x4051c0 │ 0x41d0cc │    0b00    │
│    114│ 0x4291c8 │ 0x42ac70 │    0b00    │
│    117│ 0x42d1d4 │ 0x42c9d0 │    0b00    │
│    120│ 0x4051e0 │ 0x40516c │    0b00    │
│    121│ 0x4291e4 │ 0x42920c │    0b00    │
│    123│ 0x42c1ec │ 0x42c20c │    0b00    │
│    124│ 0x4291f0 │ 0x429204 │    0b00    │
│    126│ 0x4051f8 │ 0x405204 │    0b00    │
│    127│ 0x42d1fc │ 0x42c6d8 │    0b00    │
│    128│ 0x429200 │ 0x4170b8 │    0b00    │
│    130│ 0x429208 │ 0x406970 │    0b00    │
│    131│ 0x42b20c │ 0x428564 │    0b00    │
│    132│ 0x429210 │ 0x4068bc │    0b00    │
│    135│ 0x42c21c │ 0x42b53c │    0b00    │
│    136│ 0x405220 │ 0x4285a0 │    0b00    │
│    140│ 0x42b230 │ 0x4287a4 │    0b00    │
│    142│ 0x42c238 │ 0x428fb0 │    0b00    │
│    143│ 0x42d23c │ 0x4285a0 │    0b00    │
│    144│ 0x405240 │ 0x41d114 │    0b00    │
│    145│ 0x429244 │ 0x429290 │    0b00    │
│    146│ 0x42d248 │ 0x42d254 │    0b00    │
│    147│ 0x42b24c │ 0x42b258 │    0b00    │
│    149│ 0x42c254 │ 0x42ba64 │    0b00    │
│    151│ 0x42d25c │ 0x42d620 │    0b00    │
│    152│ 0x405260 │ 0x40526c │    0b00    │
│    157│ 0x42b274 │ 0x42b2a8 │    0b00    │
│    158│ 0x42d278 │ 0x42c860 │    0b00    │
│    162│ 0x405288 │ 0x4285a0 │    0b00    │
│    166│ 0x405298 │ 0x41d0cc │    0b00    │
│    167│ 0x42929c │ 0x4292bc │    0b00    │
│    171│ 0x42d2ac │ 0x42d2b8 │    0b00    │
│    172│ 0x4052b0 │ 0x4285a0 │    0b00    │
│    175│ 0x42d2bc │ 0x42c758 │    0b00    │
│    177│ 0x4292c4 │ 0x429300 │    0b00    │
│    178│ 0x4052c8 │ 0x4285a0 │    0b00    │
│    184│ 0x4052e0 │ 0x4285a0 │    0b00    │
│    190│ 0x4052f8 │ 0x4285a0 │    0b00    │
│    195│ 0x42930c │ 0x429358 │    0b00    │
│    196│ 0x405310 │ 0x406a20 │    0b00    │
│    205│ 0x42b334 │ 0x42b2ec │    0b00    │
│    213│ 0x415354 │ 0x4153d0 │    0b00    │
│    215│ 0x42b35c │ 0x42b34c │    0b00    │
│    217│ 0x42b364 │ 0x42b3b4 │    0b00    │
│    220│ 0x429370 │ 0x4293a8 │    0b00    │
│    225│ 0x429384 │ 0x429394 │    0b00    │
│    230│ 0x429398 │ 0x42c4c0 │    0b00    │
│    232│ 0x4293a0 │ 0x42935c │    0b00    │
│    235│ 0x4293ac │ 0x42c570 │    0b00    │
│    238│ 0x4293b8 │ 0x429418 │    0b00    │
│    241│ 0x4063c4 │ 0x406410 │    0b00    │
│    245│ 0x42b3d4 │ 0x4289c8 │    0b00    │
│    250│ 0x4153e8 │ 0x4152c4 │    0b00    │
│    262│ 0x406418 │ 0x41d184 │    0b00    │
│    265│ 0x429424 │ 0x429438 │    0b00    │
│    266│ 0x406428 │ 0x41d184 │    0b00    │
│    276│ 0x415450 │ 0x428540 │    0b00    │
│    278│ 0x406458 │ 0x406468 │    0b00    │
│    288│ 0x415480 │ 0x428540 │    0b00    │
│    291│ 0x42948c │ 0x4294d8 │    0b00    │
│    293│ 0x415494 │ 0x41546c │    0b00    │
│    294│ 0x406498 │ 0x4064b8 │    0b00    │
│    295│ 0x41549c │ 0x428540 │    0b00    │
│    299│ 0x4154ac │ 0x428540 │    0b00    │
│    301│ 0x4064b4 │ 0x4065f4 │    0b00    │
│    303│ 0x4064bc │ 0x429220 │    0b00    │
│    306│ 0x4064c8 │ 0x4065f4 │    0b00    │
│    309│ 0x4154d4 │ 0x4155c8 │    0b00    │
│    310│ 0x42c4d8 │ 0x42d1a0 │    0b00    │
│    312│ 0x4294e0 │ 0x4294fc │    0b00    │
│    314│ 0x42c4e8 │ 0x42c4f8 │    0b00    │
│    317│ 0x4074f4 │ 0x428fb0 │    0b00    │
│    320│ 0x42c500 │ 0x42c508 │    0b00    │
│    322│ 0x407508 │ 0x407588 │    0b00    │
│    324│ 0x42c510 │ 0x4285a0 │    0b00    │
│    325│ 0x429514 │ 0x429590 │    0b00    │
│    326│ 0x406518 │ 0x4066c0 │    0b00    │
│    327│ 0x42c51c │ 0x42c544 │    0b00    │
│    328│ 0x429520 │ 0x429538 │    0b00    │
│    336│ 0x42b540 │ 0x42b590 │    0b00    │
│    339│ 0x42954c │ 0x42c590 │    0b00    │
│    341│ 0x429554 │ 0x429578 │    0b00    │
│    344│ 0x406560 │ 0x4066c0 │    0b00    │
│    347│ 0x42c56c │ 0x42939c │    0b00    │
│    349│ 0x406574 │ 0x4066c0 │    0b00    │
│    350│ 0x428578 │ 0x428588 │    0b00    │
│    351│ 0x42c57c │ 0x42c588 │    0b00    │
│    354│ 0x429588 │ 0x42950c │    0b00    │
│    355│ 0x42c58c │ 0x4293b0 │    0b00    │
│    357│ 0x407594 │ 0x4075d8 │    0b00    │
│    361│ 0x4075a4 │ 0x41dc18 │    0b00    │
│    363│ 0x42b5ac │ 0x411024 │    0b00    │
│    364│ 0x4285b0 │ 0x42864c │    0b00    │
│    365│ 0x42c5b4 │ 0x42c5bc │    0b00    │
│    366│ 0x4075b8 │ 0x41dc18 │    0b00    │
│    367│ 0x4155bc │ 0x416640 │    0b00    │
│    370│ 0x42b5c8 │ 0x42c220 │    0b00    │
│    371│ 0x4075cc │ 0x41dc18 │    0b00    │
│    372│ 0x4155d0 │ 0x415568 │    0b00    │
│    373│ 0x4285d4 │ 0x42b210 │    0b00    │
│    375│ 0x4075dc │ 0x405d5c │    0b00    │
│    377│ 0x4075e4 │ 0x406824 │    0b00    │
│    380│ 0x4065f0 │ 0x4066c0 │    0b00    │
│    383│ 0x4065fc │ 0x4065ac │    0b00    │
│    384│ 0x407600 │ 0x406868 │    0b00    │
│    385│ 0x423604 │ 0x40769c │    0b00    │
│    387│ 0x40660c │ 0x406514 │    0b00    │
│    389│ 0x406614 │ 0x40664c │    0b00    │
│    394│ 0x407628 │ 0x4068a8 │    0b00    │
│    395│ 0x42b62c │ 0x42b63c │    0b00    │
│    396│ 0x407630 │ 0x4074f0 │    0b00    │
│    397│ 0x42c634 │ 0x42c678 │    0b00    │
│    398│ 0x42b638 │ 0x42bac4 │    0b00    │
│    401│ 0x428644 │ 0x428638 │    0b00    │
│    402│ 0x42d648 │ 0x42d67c │    0b00    │
│    405│ 0x406654 │ 0x406564 │    0b00    │
│    406│ 0x42b658 │ 0x42b740 │    0b00    │
│    407│ 0x40665c │ 0x406670 │    0b00    │
│    411│ 0x42866c │ 0x42867c │    0b00    │
│    412│ 0x429670 │ 0x42968c │    0b00    │
│    413│ 0x42d674 │ 0x42d650 │    0b00    │
│    414│ 0x406678 │ 0x40651c │    0b00    │
│    416│ 0x407680 │ 0x407f3c │    0b00    │
│    417│ 0x42d684 │ 0x42d69c │    0b00    │
│    419│ 0x42c68c │ 0x42c6c4 │    0b00    │
│    420│ 0x416690 │ 0x4291d0 │    0b00    │
│    421│ 0x428694 │ 0x4286a4 │    0b00    │
│    422│ 0x407698 │ 0x423600 │    0b00    │
│    423│ 0x41669c │ 0x4166b0 │    0b00    │
│    424│ 0x42d6a0 │ 0x42d6b4 │    0b00    │
│    425│ 0x4296a4 │ 0x429ecc │    0b00    │
│    426│ 0x4076a8 │ 0x4067d0 │    0b00    │
│    427│ 0x4286ac │ 0x42868c │    0b00    │
│    430│ 0x42d6b8 │ 0x42d260 │    0b00    │
│    432│ 0x4166c0 │ 0x4166ec │    0b00    │
│    435│ 0x4286cc │ 0x4286fc │    0b00    │
│    437│ 0x42c6d4 │ 0x42d1e0 │    0b00    │
│    438│ 0x4286d8 │ 0x428724 │    0b00    │
│    440│ 0x4066e0 │ 0x406488 │    0b00    │
│    441│ 0x42c6e4 │ 0x42c6f4 │    0b00    │
│    442│ 0x4236e8 │ 0x4236f4 │    0b00    │
│    444│ 0x4286f0 │ 0x4286fc │    0b00    │
│    449│ 0x406704 │ 0x41dda0 │    0b00    │
│    451│ 0x42c70c │ 0x42c730 │    0b00    │
│    453│ 0x416714 │ 0x416734 │    0b00    │
│    454│ 0x423718 │ 0x42372c │    0b00    │
│    456│ 0x406720 │ 0x406748 │    0b00    │
│    458│ 0x423728 │ 0x423734 │    0b00    │
│    460│ 0x423730 │ 0x423878 │    0b00    │
│    461│ 0x406734 │ 0x41dda0 │    0b00    │
│    463│ 0x42c73c │ 0x4297f4 │    0b00    │
│    468│ 0x406750 │ 0x4067a4 │    0b00    │
│    469│ 0x42b754 │ 0x42b7cc │    0b00    │
│    472│ 0x428760 │ 0x428768 │    0b00    │
│    473│ 0x42c764 │ 0x42d220 │    0b00    │
│    475│ 0x42c76c │ 0x42c780 │    0b00    │
│    476│ 0x428770 │ 0x428780 │    0b00    │
│    482│ 0x428788 │ 0x428798 │    0b00    │
│    486│ 0x423798 │ 0x429ae0 │    0b00    │
│    488│ 0x4287a0 │ 0x42b210 │    0b00    │
│    493│ 0x42c7b4 │ 0x42c7a4 │    0b00    │
│    494│ 0x4237b8 │ 0x4237e4 │    0b00    │
│    499│ 0x4067cc │ 0x4075e0 │    0b00    │
│    500│ 0x4287d0 │ 0x4287e8 │    0b00    │
│    501│ 0x42b7d4 │ 0x42b7e8 │    0b00    │
│    502│ 0x4297d8 │ 0x4297e4 │    0b00    │
│    505│ 0x4287e4 │ 0x4287d4 │    0b00    │
│    508│ 0x4297f0 │ 0x42c5d0 │    0b00    │
│    509│ 0x4287f4 │ 0x4286dc │    0b00    │
│    512│ 0x429800 │ 0x4166bc │    0b00    │
│    513│ 0x42b804 │ 0x42b83c │    0b00    │
│    514│ 0x42c808 │ 0x42c81c │    0b00    │
│    521│ 0x4e7824 │ 0x4285e8 │    0b00    │
│    522│ 0x42c828 │ 0x42c840 │    0b00    │
│    524│ 0x406830 │ 0x406854 │    0b00    │
│    527│ 0x42883c │ 0x428960 │    0b00    │
│    532│ 0x406850 │ 0x4075e8 │    0b00    │
│    533│ 0x428854 │ 0x428868 │    0b00    │
│    534│ 0x406858 │ 0x429220 │    0b00    │
│    535│ 0x42c85c │ 0x42d220 │    0b00    │
│    537│ 0x406864 │ 0x4075e8 │    0b00    │
│    538│ 0x42b868 │ 0x42b874 │    0b00    │
│    539│ 0x42886c │ 0x428880 │    0b00    │
│    542│ 0x406878 │ 0x406820 │    0b00    │
│    544│ 0x42b880 │ 0x42b8a0 │    0b00    │
│    545│ 0x423884 │ 0x41541c │    0b00    │
│    550│ 0x428898 │ 0x4288cc │    0b00    │
│    551│ 0x42c89c │ 0x4297d4 │    0b00    │
│    555│ 0x4068ac │ 0x405b58 │    0b00    │
│    558│ 0x4068b8 │ 0x4291d0 │    0b00    │
│    559│ 0x42b8bc │ 0x42b8cc │    0b00    │
│    560│ 0x4068c0 │ 0x406968 │    0b00    │
│    564│ 0x42b8d0 │ 0x42b8f8 │    0b00    │
│    565│ 0x4068d4 │ 0x406908 │    0b00    │
│    569│ 0x4288e4 │ 0x4288f4 │    0b00    │
│    571│ 0x4288ec │ 0x4288f8 │    0b00    │
│    575│ 0x42b8fc │ 0x42b90c │    0b00    │
│    582│ 0x406918 │ 0x428f0c │    0b00    │
│    584│ 0x406920 │ 0x406930 │    0b00    │
│    585│ 0x428924 │ 0x428930 │    0b00    │
│    590│ 0x428938 │ 0x42894c │    0b00    │
│    594│ 0x428948 │ 0x4289d4 │    0b00    │
│    598│ 0x406958 │ 0x406820 │    0b00    │
│    599│ 0x42895c │ 0x4287f8 │    0b00    │
│    603│ 0x40696c │ 0x4291d0 │    0b00    │
│    605│ 0x42b974 │ 0x42b9e4 │    0b00    │
│    608│ 0x428980 │ 0x4285a0 │    0b00    │
│    610│ 0x406988 │ 0x4069bc │    0b00    │
│    613│ 0x428994 │ 0x4289a0 │    0b00    │
│    619│ 0x4289ac │ 0x4289bc │    0b00    │
│    625│ 0x4289c4 │ 0x42b260 │    0b00    │
│    627│ 0x4069cc │ 0x4069dc │    0b00    │
│    630│ 0x42c9d8 │ 0x42c5a8 │    0b00    │
│    632│ 0x4289e0 │ 0x41de0c │    0b00    │
│    634│ 0x42b9e8 │ 0x428fb0 │    0b00    │
│    640│ 0x406a00 │ 0x428f0c │    0b00    │
│    642│ 0x406a08 │ 0x406a18 │    0b00    │
│    647│ 0x406a1c │ 0x404bf0 │    0b00    │
│    649│ 0x406a24 │ 0x407f84 │    0b00    │
│    651│ 0x406a2c │ 0x406824 │    0b00    │
│    657│ 0x416a44 │ 0x414f48 │    0b00    │
│    664│ 0x42ba60 │ 0x42baf0 │    0b00    │
│    676│ 0x42ba90 │ 0x42b620 │    0b00    │
│    699│ 0x42baec │ 0x428f24 │    0b00    │
│    701│ 0x429af4 │ 0x429b00 │    0b00    │
│    703│ 0x429afc │ 0x42379c │    0b00    │
│    706│ 0x429b08 │ 0x429ae8 │    0b00    │
│    723│ 0x42bb4c │ 0x42bb58 │    0b00    │
│    727│ 0x42bb5c │ 0x42bb80 │    0b00    │
│    745│ 0x405ba4 │ 0x405bb4 │    0b00    │
│    750│ 0x42bbb8 │ 0x42bc90 │    0b00    │
│    759│ 0x405bdc │ 0x405c48 │    0b00    │
│    775│ 0x404c1c │ 0x404c38 │    0b00    │
│    782│ 0x41dc38 │ 0x4285a0 │    0b00    │
│    786│ 0x41dc48 │ 0x41dc5c │    0b00    │
│    788│ 0x42ac50 │ 0x42ac5c │    0b00    │
│    791│ 0x404c5c │ 0x404c6c │    0b00    │
│    793│ 0x41dc64 │ 0x41dc74 │    0b00    │
│    795│ 0x42ac6c │ 0x4291b0 │    0b00    │
│    797│ 0x42ac74 │ 0x42ad80 │    0b00    │
│    798│ 0x404c78 │ 0x4285a0 │    0b00    │
│    799│ 0x405c7c │ 0x405c8c │    0b00    │
│    804│ 0x404c90 │ 0x4285a0 │    0b00    │
│    808│ 0x41dca0 │ 0x4285a0 │    0b00    │
│    810│ 0x404ca8 │ 0x4285a0 │    0b00    │
│    812│ 0x42bcb0 │ 0x42be48 │    0b00    │
│    816│ 0x404cc0 │ 0x4285a0 │    0b00    │
│    817│ 0x41dcc4 │ 0x4075d0 │    0b00    │
│    825│ 0x416ce4 │ 0x4291d0 │    0b00    │
│    827│ 0x416cec │ 0x416dbc │    0b00    │
│    831│ 0x404cfc │ 0x404d14 │    0b00    │
│    854│ 0x405d58 │ 0x4068b0 │    0b00    │
│    858│ 0x404d68 │ 0x404d78 │    0b00    │
│    877│ 0x42adb4 │ 0x42ae8c │    0b00    │
│    881│ 0x41ddc4 │ 0x41de4c │    0b00    │
│    882│ 0x405dc8 │ 0x41d0cc │    0b00    │
│    883│ 0x41ddcc │ 0x41ddd4 │    0b00    │
│    886│ 0x404dd8 │ 0x404ce8 │    0b00    │
│    891│ 0x404dec │ 0x4285a0 │    0b00    │
│    893│ 0x416df4 │ 0x4291d0 │    0b00    │
│    895│ 0x416dfc │ 0x416ec4 │    0b00    │
│    897│ 0x405e04 │ 0x405e24 │    0b00    │
│    898│ 0x41de08 │ 0x428840 │    0b00    │
│    901│ 0x41de14 │ 0x41de44 │    0b00    │
│    904│ 0x405e20 │ 0x405f10 │    0b00    │
│    905│ 0x404e24 │ 0x404e30 │    0b00    │
│    906│ 0x405e28 │ 0x429220 │    0b00    │
│    908│ 0x405e30 │ 0x405f10 │    0b00    │
│    915│ 0x404e4c │ 0x4285a0 │    0b00    │
│    919│ 0x404e5c │ 0x41d0cc │    0b00    │
│    924│ 0x42be70 │ 0x42be88 │    0b00    │
│    926│ 0x42be78 │ 0x42bf28 │    0b00    │
│    927│ 0x404e7c │ 0x404e88 │    0b00    │
│    928│ 0x429e80 │ 0x429f08 │    0b00    │
│    933│ 0x42be94 │ 0x42bec8 │    0b00    │
│    934│ 0x42ae98 │ 0x42af1c │    0b00    │
│    935│ 0x41de9c │ 0x41de88 │    0b00    │
│    937│ 0x404ea4 │ 0x4285a0 │    0b00    │
│    939│ 0x41deac │ 0x406708 │    0b00    │
│    941│ 0x404eb4 │ 0x41d0cc │    0b00    │
│    943│ 0x429ebc │ 0x429ee0 │    0b00    │
│    946│ 0x429ec8 │ 0x429460 │    0b00    │
│    949│ 0x429ed4 │ 0x429ee4 │    0b00    │
│    950│ 0x405ed8 │ 0x405fc0 │    0b00    │
│    955│ 0x404eec │ 0x404ef8 │    0b00    │
│    959│ 0x429efc │ 0x429f08 │    0b00    │
│    961│ 0x429f04 │ 0x429e8c │    0b00    │
│    963│ 0x405f0c │ 0x405fc0 │    0b00    │
│    966│ 0x405f18 │ 0x405edc │    0b00    │
│    968│ 0x42bf20 │ 0x42c084 │    0b00    │
│    971│ 0x404f2c │ 0x41d0cc │    0b00    │
│    972│ 0x405f30 │ 0x405f68 │    0b00    │
│    973│ 0x416f34 │ 0x4291d0 │    0b00    │
│    974│ 0x429f38 │ 0x42b1e0 │    0b00    │
│    975│ 0x416f3c │ 0x416f6c │    0b00    │
│    977│ 0x414f44 │ 0x416954 │    0b00    │
│    978│ 0x407f48 │ 0x4285a0 │    0b00    │
│    988│ 0x405f70 │ 0x405eac │    0b00    │
│    990│ 0x416f78 │ 0x416f2c │    0b00    │
│    992│ 0x405f80 │ 0x405e80 │    0b00    │
│    996│ 0x416f90 │ 0x416ef0 │    0b00    │
│   1000│ 0x407fa0 │ 0x4285a0 │    0b00    │
│   1002│ 0x416fa8 │ 0x416fb8 │    0b00    │
│   1006│ 0x404fb8 │ 0x404f78 │    0b00    │
│   1008│ 0x416fc0 │ 0x41706c │    0b00    │
│   1010│ 0x416fc8 │ 0x416fd8 │    0b00    │
│   1011│ 0x428fcc │ 0x428fd8 │    0b00    │
│   1012│ 0x404fd0 │ 0x405050 │    0b00    │
│   1013│ 0x405fd4 │ 0x405df4 │    0b00    │
│   1016│ 0x416fe0 │ 0x41706c │    0b00    │
│   1017│ 0x428fe4 │ 0x428ffc │    0b00    │
│   1018│ 0x414fe8 │ 0x4236a0 │    0b00    │
│   1020│ 0x42aff0 │ 0x42b01c │    0b00    │
│   1021│ 0x405ff4 │ 0x4063b8 │    0b00    │
│   1023│ 0x414ffc │ 0x415344 │    0b00    │
└───────┴──────────┴──────────┴────────────┘


          BTB Results          
───────────────────────────────
   Using CLASS_STATE_MACHINE

   Instruction count: 809370
   Hits: 94322
   Misses: 452
   Correct: 93651
   Incorrect: 671
   Branches Taken: 94774
   Stalls: 1123
   Collisions: 110

   Hit rate: 99.5231%
   Accuracy: 99.2886%
   Wrong address: 100%
───────────────────────────────
